{
  "RSpec": {
    "coverage": {
      "/Users/inceptor/Projects/wdi-5/06-advanced/scaffy/app/helpers/application_helper.rb": [
        1,
        null
      ],
      "/Users/inceptor/Projects/wdi-5/06-advanced/scaffy/app/helpers/posts_helper.rb": [
        1,
        null
      ],
      "/Users/inceptor/Projects/wdi-5/06-advanced/scaffy/app/controllers/posts_controller.rb": [
        1,
        1,
        null,
        null,
        null,
        1,
        1,
        null,
        null,
        null,
        null,
        1,
        null,
        null,
        null,
        1,
        1,
        null,
        null,
        null,
        1,
        null,
        null,
        null,
        null,
        1,
        0,
        null,
        0,
        0,
        0,
        0,
        null,
        0,
        0,
        null,
        null,
        null,
        null,
        null,
        null,
        1,
        0,
        0,
        0,
        0,
        null,
        0,
        0,
        null,
        null,
        null,
        null,
        null,
        null,
        1,
        0,
        0,
        0,
        0,
        null,
        null,
        null,
        1,
        null,
        1,
        0,
        null,
        null,
        null,
        1,
        0,
        null,
        null
      ],
      "/Users/inceptor/Projects/wdi-5/06-advanced/scaffy/app/controllers/application_controller.rb": [
        1,
        null,
        null,
        1,
        null
      ],
      "/Users/inceptor/Projects/wdi-5/06-advanced/scaffy/app/models/post.rb": [
        1,
        null
      ]
    },
    "timestamp": 1407371134
  }
}
