{
  "RSpec": {
    "coverage": {
      "/Users/inceptor/Projects/wdi-5/06-advanced/fruitstore/app/helpers/application_helper.rb": [
        1,
        null
      ],
      "/Users/inceptor/Projects/wdi-5/06-advanced/fruitstore/app/helpers/fruits_helper.rb": [
        1,
        null
      ],
      "/Users/inceptor/Projects/wdi-5/06-advanced/fruitstore/app/controllers/fruits_controller.rb": [
        1,
        1,
        3,
        null,
        null
      ],
      "/Users/inceptor/Projects/wdi-5/06-advanced/fruitstore/app/controllers/application_controller.rb": [
        1,
        null,
        null,
        1,
        null
      ],
      "/Users/inceptor/Projects/wdi-5/06-advanced/fruitstore/app/models/fruit.rb": [
        null,
        null,
        null,
        null,
        null,
        null,
        null,
        null,
        null,
        null,
        null,
        1,
        1,
        null,
        1,
        null,
        null,
        null
      ]
    },
    "timestamp": 1407373209
  }
}
